<?xml version="1.0" encoding="UTF-8"?>
<!-- Generated by org.testng.reporters.JUnitReportReporter -->
<testsuite hostname="LAPTOP-7ILL6B1Q" failures="0" tests="1" name="problem3and4WithTestNG.AutomationProblem4WithTestNG" time="2.007" errors="1" timestamp="2023-10-13T15:58:05 IST" skipped="0">
  <testcase classname="problem3and4WithTestNG.AutomationProblem4WithTestNG" name="testLinksAndCookies" time="2.007">
    <error message="Method problem3and4WithTestNG.AutomationProblem4WithTestNG.testLinksAndCookies() didn&#039;t finish within the time-out 2000" type="org.testng.internal.thread.ThreadTimeoutException">
      <![CDATA[org.testng.internal.thread.ThreadTimeoutException: Method problem3and4WithTestNG.AutomationProblem4WithTestNG.testLinksAndCookies() didn't finish within the time-out 2000
at java.base@17.0.4/java.lang.Thread.sleep(Native Method)
at app//problem3and4WithTestNG.AutomationProblem4WithTestNG.testLinksAndCookies(AutomationProblem4WithTestNG.java:41)
at java.base@17.0.4/jdk.internal.reflect.NativeMethodAccessorImpl.invoke0(Native Method)
at java.base@17.0.4/jdk.internal.reflect.NativeMethodAccessorImpl.invoke(NativeMethodAccessorImpl.java:77)
at java.base@17.0.4/jdk.internal.reflect.DelegatingMethodAccessorImpl.invoke(DelegatingMethodAccessorImpl.java:43)
at java.base@17.0.4/java.lang.reflect.Method.invoke(Method.java:568)
at app//org.testng.internal.invokers.MethodInvocationHelper.invokeMethod(MethodInvocationHelper.java:139)
at app//org.testng.internal.invokers.InvokeMethodRunnable.runOne(InvokeMethodRunnable.java:47)
at app//org.testng.internal.invokers.InvokeMethodRunnable.call(InvokeMethodRunnable.java:76)
at app//org.testng.internal.invokers.InvokeMethodRunnable.call(InvokeMethodRunnable.java:11)
at java.base@17.0.4/java.util.concurrent.FutureTask.run(FutureTask.java:264)
at java.base@17.0.4/java.util.concurrent.ThreadPoolExecutor.runWorker(ThreadPoolExecutor.java:1136)
at java.base@17.0.4/java.util.concurrent.ThreadPoolExecutor$Worker.run(ThreadPoolExecutor.java:635)
at java.base@17.0.4/java.lang.Thread.run(Thread.java:833)
]]>
    </error>
  </testcase> <!-- testLinksAndCookies -->
</testsuite> <!-- problem3and4WithTestNG.AutomationProblem4WithTestNG -->
